\BOOKMARK [1][-]{section.1}{\376\377\000I\000n\000t\000r\000o\000d\000u\000c\000t\000i\000o\000n}{}% 1
\BOOKMARK [1][-]{section.2}{\376\377\000R\000e\000l\000a\000t\000e\000d\000\040\000W\000o\000r\000k}{}% 2
\BOOKMARK [2][-]{subsection.2.1}{\376\377\000E\000v\000o\000l\000u\000t\000i\000o\000n\000\040\000o\000f\000\040\000Y\000O\000L\000O\000\040\000A\000r\000c\000h\000i\000t\000e\000c\000t\000u\000r\000e\000s}{section.2}% 3
\BOOKMARK [2][-]{subsection.2.2}{\376\377\000L\000i\000g\000h\000t\000w\000e\000i\000g\000h\000t\000\040\000O\000b\000j\000e\000c\000t\000\040\000D\000e\000t\000e\000c\000t\000o\000r\000s}{section.2}% 4
\BOOKMARK [2][-]{subsection.2.3}{\376\377\000G\000h\000o\000s\000t\000-\000B\000a\000s\000e\000d\000\040\000A\000r\000c\000h\000i\000t\000e\000c\000t\000u\000r\000e\000s\000\040\000a\000n\000d\000\040\000Q\000u\000a\000n\000t\000i\000z\000a\000t\000i\000o\000n\000-\000A\000w\000a\000r\000e\000\040\000D\000e\000s\000i\000g\000n}{section.2}% 5
\BOOKMARK [1][-]{section.3}{\376\377\000A\000r\000c\000h\000i\000t\000e\000c\000t\000u\000r\000e\000\040\000D\000e\000s\000i\000g\000n}{}% 6
\BOOKMARK [2][-]{subsection.3.1}{\376\377\000B\000a\000c\000k\000b\000o\000n\000e\000:\000\040\000G\000h\000o\000s\000t\000-\000B\000a\000s\000e\000d\000\040\000F\000e\000a\000t\000u\000r\000e\000\040\000E\000x\000t\000r\000a\000c\000t\000i\000o\000n}{section.3}% 7
\BOOKMARK [2][-]{subsection.3.2}{\376\377\000N\000e\000c\000k\000:\000\040\000L\000i\000t\000e\000P\000A\000N\000\040\000M\000u\000l\000t\000i\000-\000S\000c\000a\000l\000e\000\040\000F\000e\000a\000t\000u\000r\000e\000\040\000F\000u\000s\000i\000o\000n}{section.3}% 8
\BOOKMARK [2][-]{subsection.3.3}{\376\377\000D\000e\000t\000e\000c\000t\000i\000o\000n\000\040\000H\000e\000a\000d\000:\000\040\000D\000e\000c\000o\000u\000p\000l\000e\000d\000\040\000A\000n\000c\000h\000o\000r\000-\000F\000r\000e\000e\000\040\000D\000e\000s\000i\000g\000n}{section.3}% 9
\BOOKMARK [2][-]{subsection.3.4}{\376\377\000M\000u\000l\000t\000i\000-\000T\000a\000s\000k\000\040\000H\000e\000a\000d\000\040\000E\000x\000t\000e\000n\000s\000i\000o\000n\000s}{section.3}% 10
\BOOKMARK [1][-]{section.4}{\376\377\000T\000r\000a\000i\000n\000i\000n\000g\000\040\000M\000e\000t\000h\000o\000d\000o\000l\000o\000g\000y}{}% 11
\BOOKMARK [2][-]{subsection.4.1}{\376\377\000T\000a\000s\000k\000-\000A\000l\000i\000g\000n\000e\000d\000\040\000L\000a\000b\000e\000l\000\040\000A\000s\000s\000i\000g\000n\000m\000e\000n\000t\000\040\000\050\000T\000A\000L\000\051}{section.4}% 12
\BOOKMARK [2][-]{subsection.4.2}{\376\377\000L\000o\000s\000s\000\040\000F\000o\000r\000m\000u\000l\000a\000t\000i\000o\000n}{section.4}% 13
\BOOKMARK [1][-]{section.5}{\376\377\000Q\000u\000a\000n\000t\000i\000z\000a\000t\000i\000o\000n\000\040\000M\000e\000t\000h\000o\000d\000o\000l\000o\000g\000y}{}% 14
\BOOKMARK [2][-]{subsection.5.1}{\376\377\000Q\000u\000a\000n\000t\000i\000z\000a\000t\000i\000o\000n\000-\000A\000w\000a\000r\000e\000\040\000T\000r\000a\000i\000n\000i\000n\000g\000\040\000\050\000Q\000A\000T\000\051}{section.5}% 15
\BOOKMARK [2][-]{subsection.5.2}{\376\377\000R\000o\000b\000u\000s\000t\000n\000e\000s\000s\000\040\000o\000f\000\040\000R\000e\000L\000U\0006\000\040\000a\000n\000d\000\040\000E\000C\000A\000\040\000A\000t\000t\000e\000n\000t\000i\000o\000n}{section.5}% 16
\BOOKMARK [1][-]{section.6}{\376\377\000E\000x\000p\000e\000r\000i\000m\000e\000n\000t\000a\000l\000\040\000S\000e\000t\000u\000p}{}% 17
\BOOKMARK [2][-]{subsection.6.1}{\376\377\000D\000a\000t\000a\000s\000e\000t\000s}{section.6}% 18
\BOOKMARK [2][-]{subsection.6.2}{\376\377\000H\000a\000r\000d\000w\000a\000r\000e\000\040\000a\000n\000d\000\040\000T\000r\000a\000i\000n\000i\000n\000g\000\040\000P\000r\000o\000t\000o\000c\000o\000l}{section.6}% 19
\BOOKMARK [1][-]{section.7}{\376\377\000R\000e\000s\000u\000l\000t\000s\000\040\000a\000n\000d\000\040\000D\000i\000s\000c\000u\000s\000s\000i\000o\000n}{}% 20
\BOOKMARK [2][-]{subsection.7.1}{\376\377\000M\000a\000i\000n\000\040\000R\000e\000s\000u\000l\000t\000s\000\040\000o\000n\000\040\000P\000a\000s\000c\000a\000l\000\040\000V\000O\000C}{section.7}% 21
\BOOKMARK [2][-]{subsection.7.2}{\376\377\000M\000a\000i\000n\000\040\000R\000e\000s\000u\000l\000t\000s\000\040\000o\000n\000\040\000C\000O\000C\000O\000\040\000v\000a\000l\0002\0000\0001\0007}{section.7}% 22
\BOOKMARK [2][-]{subsection.7.3}{\376\377\000S\000t\000a\000t\000e\000-\000o\000f\000-\000t\000h\000e\000-\000A\000r\000t\000\040\000C\000o\000m\000p\000a\000r\000i\000s\000o\000n}{section.7}% 23
\BOOKMARK [2][-]{subsection.7.4}{\376\377\000R\000e\000s\000o\000l\000u\000t\000i\000o\000n\000\040\000o\000f\000\040\000t\000h\000e\000\040\000L\000e\000g\000a\000c\000y\000\040\000m\000A\000P\000\040\000D\000i\000s\000c\000r\000e\000p\000a\000n\000c\000y}{section.7}% 24
\BOOKMARK [1][-]{section.8}{\376\377\000E\000d\000g\000e\000\040\000D\000e\000p\000l\000o\000y\000m\000e\000n\000t\000\040\000V\000a\000l\000i\000d\000a\000t\000i\000o\000n}{}% 25
\BOOKMARK [2][-]{subsection.8.1}{\376\377\000I\000n\000f\000e\000r\000e\000n\000c\000e\000\040\000L\000a\000t\000e\000n\000c\000y}{section.8}% 26
\BOOKMARK [2][-]{subsection.8.2}{\376\377\000Q\000u\000a\000n\000t\000i\000z\000a\000t\000i\000o\000n\000\040\000A\000c\000c\000u\000r\000a\000c\000y\000\040\000P\000r\000e\000s\000e\000r\000v\000a\000t\000i\000o\000n}{section.8}% 27
\BOOKMARK [2][-]{subsection.8.3}{\376\377\000M\000e\000m\000o\000r\000y\000\040\000a\000n\000d\000\040\000R\000e\000s\000o\000u\000r\000c\000e\000\040\000P\000r\000o\000f\000i\000l\000e\000s}{section.8}% 28
\BOOKMARK [1][-]{section.9}{\376\377\000A\000b\000l\000a\000t\000i\000o\000n\000\040\000S\000t\000u\000d\000i\000e\000s}{}% 29
\BOOKMARK [2][-]{subsection.9.1}{\376\377\000G\000h\000o\000s\000t\000\040\000C\000o\000n\000v\000o\000l\000u\000t\000i\000o\000n\000s\000\040\000v\000s\000.\000\040\000S\000t\000a\000n\000d\000a\000r\000d\000\040\000C\000o\000n\000v\000o\000l\000u\000t\000i\000o\000n\000s}{section.9}% 30
\BOOKMARK [2][-]{subsection.9.2}{\376\377\000A\000t\000t\000e\000n\000t\000i\000o\000n\000\040\000M\000e\000c\000h\000a\000n\000i\000s\000m\000\040\000I\000m\000p\000a\000c\000t}{section.9}% 31
\BOOKMARK [2][-]{subsection.9.3}{\376\377\000N\000e\000c\000k\000\040\000D\000e\000s\000i\000g\000n\000:\000\040\000L\000i\000t\000e\000P\000A\000N\000\040\000v\000s\000.\000\040\000F\000P\000N}{section.9}% 32
\BOOKMARK [2][-]{subsection.9.4}{\376\377\000A\000c\000t\000i\000v\000a\000t\000i\000o\000n\000\040\000F\000u\000n\000c\000t\000i\000o\000n\000:\000\040\000R\000e\000L\000U\0006\000\040\000v\000s\000.\000\040\000S\000i\000L\000U}{section.9}% 33
\BOOKMARK [2][-]{subsection.9.5}{\376\377\000W\000i\000d\000t\000h\000\040\000a\000n\000d\000\040\000I\000n\000p\000u\000t\000\040\000R\000e\000s\000o\000l\000u\000t\000i\000o\000n\000\040\000S\000c\000a\000l\000i\000n\000g}{section.9}% 34
\BOOKMARK [2][-]{subsection.9.6}{\376\377\000T\000a\000r\000g\000e\000t\000\040\000A\000s\000s\000i\000g\000n\000m\000e\000n\000t\000,\000\040\000O\000b\000j\000e\000c\000t\000n\000e\000s\000s\000,\000\040\000a\000n\000d\000\040\000A\000u\000g\000m\000e\000n\000t\000a\000t\000i\000o\000n}{section.9}% 35
\BOOKMARK [1][-]{section.10}{\376\377\000M\000u\000l\000t\000i\000-\000T\000a\000s\000k\000\040\000V\000a\000l\000i\000d\000a\000t\000i\000o\000n}{}% 36
\BOOKMARK [1][-]{section.11}{\376\377\000C\000o\000n\000c\000l\000u\000s\000i\000o\000n\000\040\000a\000n\000d\000\040\000F\000u\000t\000u\000r\000e\000\040\000W\000o\000r\000k}{}% 37
\BOOKMARK [1][-]{section*.1}{\376\377\000R\000e\000f\000e\000r\000e\000n\000c\000e\000s}{}% 38
